{
  "RSpec": {
    "coverage": {
      "/Users/TonGarcia/Documents/projs/rails/PageRenter/config/environment.rb": [
        null,
        1,
        null,
        null,
        1
      ],
      "/Users/TonGarcia/Documents/projs/rails/PageRenter/config/application.rb": [
        1,
        null,
        null,
        1,
        1,
        1,
        1,
        null,
        null,
        null,
        null,
        1,
        null,
        1,
        1,
        null,
        null,
        null,
        null,
        null,
        null,
        null,
        null,
        null,
        null,
        null,
        null,
        null
      ],
      "/Users/TonGarcia/Documents/projs/rails/PageRenter/config/boot.rb": [
        null,
        1,
        null,
        1
      ],
      "/Users/TonGarcia/Documents/projs/rails/PageRenter/config/environments/test.rb": [
        1,
        null,
        null,
        null,
        null,
        null,
        null,
        1,
        null,
        null,
        null,
        null,
        1,
        null,
        null,
        1,
        1,
        null,
        null,
        1,
        1,
        null,
        null,
        1,
        null,
        null,
        1,
        null,
        null,
        null,
        null,
        1,
        null,
        null,
        1,
        null
      ],
      "/Users/TonGarcia/Documents/projs/rails/PageRenter/config/initializers/backtrace_silencers.rb": [
        null,
        null,
        null,
        null,
        null,
        null,
        null
      ],
      "/Users/TonGarcia/Documents/projs/rails/PageRenter/config/initializers/filter_parameter_logging.rb": [
        null,
        null,
        null,
        1
      ],
      "/Users/TonGarcia/Documents/projs/rails/PageRenter/config/initializers/inflections.rb": [
        null,
        null,
        null,
        null,
        null,
        null,
        null,
        null,
        null,
        null,
        null,
        null,
        null,
        null,
        null,
        null,
        null,
        1,
        1,
        null
      ],
      "/Users/TonGarcia/Documents/projs/rails/PageRenter/config/initializers/mime_types.rb": [
        null,
        null,
        null,
        null,
        null
      ],
      "/Users/TonGarcia/Documents/projs/rails/PageRenter/config/initializers/secret_token.rb": [
        null,
        null,
        null,
        null,
        null,
        null,
        null,
        null,
        null,
        null,
        null,
        1
      ],
      "/Users/TonGarcia/Documents/projs/rails/PageRenter/config/initializers/session_store.rb": [
        null,
        null,
        1
      ],
      "/Users/TonGarcia/Documents/projs/rails/PageRenter/config/initializers/wrap_parameters.rb": [
        null,
        null,
        null,
        null,
        null,
        null,
        1,
        1,
        null,
        null,
        null,
        null,
        null,
        null
      ],
      "/Users/TonGarcia/Documents/projs/rails/PageRenter/config/routes.rb": [
        1,
        null,
        1,
        null,
        1,
        1,
        1,
        null,
        null,
        null,
        1,
        1,
        null,
        null,
        null,
        1,
        1,
        null,
        null,
        null,
        1,
        null,
        1,
        1,
        null,
        null,
        null,
        1,
        null,
        null
      ],
      "/Users/TonGarcia/Documents/projs/rails/PageRenter/app/helpers/advertisers_helper.rb": [
        1,
        null
      ],
      "/Users/TonGarcia/Documents/projs/rails/PageRenter/app/helpers/application_helper.rb": [
        1,
        null,
        1,
        null,
        null,
        null,
        1,
        null,
        0,
        null,
        null,
        1,
        0,
        null,
        null,
        1,
        0,
        null,
        0,
        null,
        null,
        null,
        null,
        0,
        null,
        null,
        null,
        null,
        null
      ],
      "/Users/TonGarcia/Documents/projs/rails/PageRenter/app/helpers/publishers_helper.rb": [
        1,
        null
      ],
      "/Users/TonGarcia/Documents/projs/rails/PageRenter/app/controllers/api/users_controller.rb": [
        1,
        null,
        1,
        null,
        0,
        null,
        0,
        0,
        null,
        null,
        0,
        0,
        0,
        0,
        0,
        0,
        0,
        0,
        null,
        null,
        0,
        null,
        null,
        0,
        0,
        null,
        null,
        0,
        null,
        0,
        null,
        null,
        0,
        0,
        null,
        0,
        0,
        0,
        0,
        null,
        null,
        null,
        null,
        0,
        null,
        null,
        0,
        null,
        0,
        null,
        null,
        null,
        null,
        0,
        0,
        null,
        null,
        null,
        0,
        null,
        null,
        null,
        1,
        0,
        0,
        null,
        null
      ],
      "/Users/TonGarcia/Documents/projs/rails/PageRenter/app/controllers/api/base_api_controller.rb": [
        null,
        1,
        1,
        1,
        null,
        1,
        0,
        0,
        0,
        0,
        null,
        null,
        null
      ],
      "/Users/TonGarcia/Documents/projs/rails/PageRenter/app/controllers/application_controller.rb": [
        1,
        null,
        null,
        1,
        null,
        1,
        0,
        null,
        null
      ],
      "/Users/TonGarcia/Documents/projs/rails/PageRenter/app/controllers/api/concerns/http_test_helper.rb": [
        1,
        1,
        1,
        null,
        1,
        9,
        null,
        null,
        1,
        9,
        9,
        null,
        null,
        1,
        null,
        null,
        null,
        null
      ]
    },
    "timestamp": 1400592336
  }
}
