{
  "RSpec": {
    "coverage": {
      "/Users/TonGarcia/Documents/projs/rails/PageRenter/config/environment.rb": [
        null,
        1,
        null,
        null,
        1
      ],
      "/Users/TonGarcia/Documents/projs/rails/PageRenter/config/application.rb": [
        1,
        null,
        null,
        1,
        1,
        1,
        1,
        null,
        null,
        null,
        null,
        1,
        null,
        1,
        1,
        null,
        null,
        null,
        null,
        null,
        null,
        null,
        null,
        null,
        null,
        null,
        null,
        null
      ],
      "/Users/TonGarcia/Documents/projs/rails/PageRenter/config/boot.rb": [
        null,
        1,
        null,
        1
      ],
      "/Users/TonGarcia/Documents/projs/rails/PageRenter/config/environments/test.rb": [
        1,
        null,
        null,
        null,
        null,
        null,
        null,
        1,
        null,
        null,
        null,
        null,
        1,
        null,
        null,
        1,
        1,
        null,
        null,
        1,
        1,
        null,
        null,
        1,
        null,
        null,
        1,
        null,
        null,
        null,
        null,
        1,
        null,
        null,
        1,
        null
      ],
      "/Users/TonGarcia/Documents/projs/rails/PageRenter/config/initializers/backtrace_silencers.rb": [
        null,
        null,
        null,
        null,
        null,
        null,
        null
      ],
      "/Users/TonGarcia/Documents/projs/rails/PageRenter/config/initializers/filter_parameter_logging.rb": [
        null,
        null,
        null,
        1
      ],
      "/Users/TonGarcia/Documents/projs/rails/PageRenter/config/initializers/inflections.rb": [
        null,
        null,
        null,
        null,
        null,
        null,
        null,
        null,
        null,
        null,
        null,
        null,
        null,
        null,
        null,
        null,
        null,
        1,
        1,
        null
      ],
      "/Users/TonGarcia/Documents/projs/rails/PageRenter/config/initializers/mime_types.rb": [
        null,
        null,
        null,
        null,
        null
      ],
      "/Users/TonGarcia/Documents/projs/rails/PageRenter/config/initializers/secret_token.rb": [
        null,
        null,
        null,
        null,
        null,
        null,
        null,
        null,
        null,
        null,
        null,
        1
      ],
      "/Users/TonGarcia/Documents/projs/rails/PageRenter/config/initializers/session_store.rb": [
        null,
        null,
        1
      ],
      "/Users/TonGarcia/Documents/projs/rails/PageRenter/config/initializers/wrap_parameters.rb": [
        null,
        null,
        null,
        null,
        null,
        null,
        1,
        1,
        null,
        null,
        null,
        null,
        null,
        null
      ],
      "/Users/TonGarcia/Documents/projs/rails/PageRenter/config/routes.rb": [
        1,
        null,
        1,
        null,
        1,
        1,
        1,
        null,
        null,
        null,
        1,
        1,
        null,
        null,
        null,
        1,
        1,
        null,
        null,
        null,
        1,
        null,
        1,
        1,
        null,
        null,
        null,
        1,
        null,
        null
      ],
      "/Users/TonGarcia/Documents/projs/rails/PageRenter/app/helpers/advertisers_helper.rb": [
        1,
        null
      ],
      "/Users/TonGarcia/Documents/projs/rails/PageRenter/app/helpers/application_helper.rb": [
        1,
        null,
        1,
        null,
        null,
        null,
        1,
        null,
        4,
        null,
        null,
        1,
        2,
        null,
        null,
        1,
        0,
        null,
        0,
        null,
        null,
        null,
        null,
        0,
        null,
        null,
        null,
        null,
        null
      ],
      "/Users/TonGarcia/Documents/projs/rails/PageRenter/app/helpers/publishers_helper.rb": [
        1,
        null
      ],
      "/Users/TonGarcia/Documents/projs/rails/PageRenter/app/controllers/advertisers_controller.rb": [
        1,
        1,
        null,
        null
      ],
      "/Users/TonGarcia/Documents/projs/rails/PageRenter/app/controllers/application_controller.rb": [
        1,
        null,
        null,
        1,
        null,
        1,
        0,
        null,
        null
      ],
      "/Users/TonGarcia/Documents/projs/rails/PageRenter/spec/controllers/api/user_signups_signins_spec.rb": [
        1,
        null,
        1,
        4,
        4,
        1,
        1,
        null,
        1,
        4,
        null,
        null,
        null,
        1,
        4,
        null,
        2,
        2,
        2,
        null,
        null,
        1,
        null,
        null,
        null
      ],
      "/Users/TonGarcia/Documents/projs/rails/PageRenter/spec/controllers/publishers_controller_spec.rb": [
        1,
        null,
        1,
        null,
        1,
        1,
        1,
        1,
        null,
        null,
        null,
        null
      ],
      "/Users/TonGarcia/Documents/projs/rails/PageRenter/app/controllers/publishers_controller.rb": [
        1,
        1,
        null,
        null
      ],
      "/Users/TonGarcia/Documents/projs/rails/PageRenter/spec/controllers/users_controller_spec.rb": [
        1,
        null,
        1,
        null,
        1,
        1,
        1,
        1,
        null,
        null,
        null,
        null
      ],
      "/Users/TonGarcia/Documents/projs/rails/PageRenter/app/controllers/users_controller.rb": [
        1,
        1,
        null,
        1,
        0,
        0,
        0,
        0,
        0,
        null,
        null,
        null,
        null,
        1,
        null,
        null
      ],
      "/Users/TonGarcia/Documents/projs/rails/PageRenter/spec/helpers/advertisers_helper_spec.rb": [
        1,
        null,
        null,
        null,
        null,
        null,
        null,
        null,
        null,
        null,
        null,
        null,
        1,
        1,
        null
      ],
      "/Users/TonGarcia/Documents/projs/rails/PageRenter/spec/helpers/application_helper_spec.rb": [
        1,
        null,
        1,
        null,
        1,
        null,
        1,
        3,
        1,
        null,
        1,
        1,
        null,
        null,
        1,
        1,
        null,
        null,
        null,
        null,
        1,
        3,
        1,
        null,
        1,
        1,
        null,
        null,
        1,
        1,
        null,
        null,
        null,
        null,
        null
      ],
      "/Users/TonGarcia/Documents/projs/rails/PageRenter/spec/helpers/publishers_helper_spec.rb": [
        1,
        null,
        null,
        null,
        null,
        null,
        null,
        null,
        null,
        null,
        null,
        null,
        1,
        1,
        null
      ],
      "/Users/TonGarcia/Documents/projs/rails/PageRenter/spec/models/profile_spec.rb": [
        1,
        null,
        1,
        1,
        null
      ],
      "/Users/TonGarcia/Documents/projs/rails/PageRenter/app/models/profile.rb": [
        1,
        null,
        1,
        1,
        null,
        null
      ],
      "/Users/TonGarcia/Documents/projs/rails/PageRenter/spec/models/role_spec.rb": [
        1,
        null,
        1,
        1,
        null
      ],
      "/Users/TonGarcia/Documents/projs/rails/PageRenter/app/models/role.rb": [
        1,
        null,
        1,
        null,
        null
      ],
      "/Users/TonGarcia/Documents/projs/rails/PageRenter/spec/models/social_network_spec.rb": [
        1,
        null,
        1,
        1,
        null
      ],
      "/Users/TonGarcia/Documents/projs/rails/PageRenter/app/models/social_network.rb": [
        1,
        null,
        1,
        null
      ],
      "/Users/TonGarcia/Documents/projs/rails/PageRenter/spec/models/social_session_spec.rb": [
        1,
        null,
        1,
        1,
        null
      ],
      "/Users/TonGarcia/Documents/projs/rails/PageRenter/app/models/social_session.rb": [
        1,
        null,
        1,
        1,
        1,
        null
      ],
      "/Users/TonGarcia/Documents/projs/rails/PageRenter/spec/models/user_spec.rb": [
        1,
        null,
        1,
        1,
        null
      ],
      "/Users/TonGarcia/Documents/projs/rails/PageRenter/app/models/user.rb": [
        1,
        null,
        1,
        1,
        null,
        null,
        1,
        1,
        null,
        null,
        1,
        1,
        1,
        1,
        null,
        null,
        1,
        0,
        0,
        0,
        null,
        null,
        null,
        null,
        1,
        0,
        0,
        null,
        null,
        null,
        1,
        null,
        0,
        0,
        0,
        null,
        null,
        null,
        1,
        0,
        0,
        0,
        null,
        0,
        null,
        null,
        null,
        1,
        0,
        0,
        null,
        null,
        null,
        null,
        1,
        null,
        null,
        null,
        null,
        1,
        0,
        0,
        null,
        0,
        null,
        0,
        0,
        0,
        null,
        null,
        0,
        0,
        0,
        null,
        null,
        0,
        null,
        null
      ],
      "/Users/TonGarcia/Documents/projs/rails/PageRenter/spec/views/advertisers/index.html.erb_spec.rb": [
        1,
        null,
        1,
        1,
        null
      ],
      "/Users/TonGarcia/Documents/projs/rails/PageRenter/spec/views/publishers/index.html.erb_spec.rb": [
        1,
        null,
        null,
        1,
        1,
        null
      ],
      "/Users/TonGarcia/Documents/projs/rails/PageRenter/spec/views/users/sign_out.html.erb_spec.rb": [
        1,
        null,
        1,
        1,
        null
      ],
      "/Users/TonGarcia/Documents/projs/rails/PageRenter/app/controllers/api/users_controller.rb": [
        1,
        null,
        1,
        null,
        0,
        null,
        0,
        0,
        null,
        null,
        0,
        0,
        0,
        0,
        0,
        0,
        0,
        0,
        null,
        null,
        0,
        null,
        null,
        0,
        0,
        null,
        null,
        0,
        null,
        0,
        null,
        null,
        0,
        0,
        null,
        0,
        0,
        0,
        0,
        null,
        null,
        null,
        null,
        0,
        null,
        null,
        0,
        null,
        0,
        null,
        null,
        null,
        null,
        0,
        0,
        null,
        null,
        null,
        0,
        null,
        null,
        null,
        1,
        0,
        0,
        null,
        null
      ],
      "/Users/TonGarcia/Documents/projs/rails/PageRenter/app/controllers/api/base_api_controller.rb": [
        null,
        1,
        1,
        1,
        null,
        1,
        0,
        0,
        0,
        0,
        null,
        null,
        null
      ],
      "/Users/TonGarcia/Documents/projs/rails/PageRenter/app/controllers/api/concerns/http_test_helper.rb": [
        1,
        1,
        1,
        null,
        1,
        3,
        null,
        null,
        1,
        3,
        3,
        null,
        null,
        1,
        null,
        null,
        null,
        null
      ]
    },
    "timestamp": 1400533389
  }
}
